<?xml version="1.0" encoding="UTF-8"?>
<!-- Generated by org.testng.reporters.JUnitXMLReporter -->
<testsuite hostname="Lenovo-PC" name="Test 1" tests="3" failures="0" timestamp="5 Mar 2016 16:45:04 GMT" time="1.074" errors="0">
  <testcase name="LoginTest" time="0.138" classname="com.qtpselenium.framework.datadriven.suiteA.Test1"/>
  <testcase name="LoginTest" time="0.082" classname="com.qtpselenium.framework.datadriven.suiteA.Test1"/>
  <testcase name="LoginTest" time="0.073" classname="com.qtpselenium.framework.datadriven.suiteA.Test1"/>
</testsuite> <!-- Test 1 -->
