<?xml version="1.0" encoding="UTF-8"?>
<!-- Generated by org.testng.reporters.JUnitXMLReporter -->
<testsuite hostname="Lenovo-PC" name="Test 2" tests="3" failures="0" timestamp="5 Mar 2016 16:45:05 GMT" time="0.262" errors="0">
  <testcase name="test2" time="0.072" classname="com.qtpselenium.framework.datadriven.suiteA.Test2"/>
  <testcase name="test2" time="0.08" classname="com.qtpselenium.framework.datadriven.suiteA.Test2"/>
  <testcase name="test2" time="0.06" classname="com.qtpselenium.framework.datadriven.suiteA.Test2"/>
</testsuite> <!-- Test 2 -->
