<?xml version="1.0" encoding="UTF-8"?>
<!-- Generated by org.testng.reporters.JUnitXMLReporter -->
<testsuite hostname="Lenovo-PC" name="TestCase_A1" tests="4" failures="0" timestamp="18 May 2016 15:27:59 GMT" time="0.718" errors="0">
  <testcase name="testcaseA1" time="0.007" classname="com.qtpselenium.suiteA.TestCase_A1"/>
  <testcase name="testcaseA1" time="0.005" classname="com.qtpselenium.suiteA.TestCase_A1"/>
  <testcase name="testcaseA1" time="0.003" classname="com.qtpselenium.suiteA.TestCase_A1">
    <skipped/>
  </testcase> <!-- testcaseA1 -->
  <testcase name="testcaseA1" time="0.007" classname="com.qtpselenium.suiteA.TestCase_A1"/>
</testsuite> <!-- TestCase_A1 -->
