<?xml version="1.0" encoding="UTF-8"?>
<!-- Generated by org.testng.reporters.JUnitXMLReporter -->
<testsuite hostname="Lenovo-PC" name="Test1 with different browser" tests="6" failures="0" timestamp="13 Mar 2016 09:26:30 GMT" time="80.721" errors="0">
  <testcase name="googlesearch" time="47.652" classname="Grid.xGoogleSearchParallelRun"/>
  <testcase name="googlesearch" time="73.531" classname="Grid.xGoogleSearchParallelRun"/>
  <testcase name="googlesearch" time="74.265" classname="Grid.xGoogleSearchParallelRun"/>
  <testcase name="googlesearch" time="79.424" classname="Grid.xGoogleSearchParallelRun"/>
  <testcase name="googlesearch" time="80.067" classname="Grid.xGoogleSearchParallelRun"/>
  <testcase name="googlesearch" time="80.67" classname="Grid.xGoogleSearchParallelRun"/>
</testsuite> <!-- Test1 with different browser -->
