<?xml version="1.0" encoding="UTF-8"?>
<!-- Generated by org.testng.reporters.JUnitXMLReporter -->
<testsuite hostname="Lenovo-PC" name="Test with Mozilla" tests="6" failures="0" timestamp="13 Mar 2016 15:17:20 GMT" time="45.067" errors="0">
  <testcase name="googlesearch" time="20.019" classname="Grid.xGoogleSearchParallelRun"/>
  <testcase name="googlesearch" time="20.572" classname="Grid.xGoogleSearchParallelRun"/>
  <testcase name="googlesearch" time="24.646" classname="Grid.xGoogleSearchParallelRun"/>
  <testcase name="googlesearch" time="32.813" classname="Grid.xGoogleSearchParallelRun"/>
  <testcase name="googlesearch" time="34.887" classname="Grid.xGoogleSearchParallelRun"/>
  <testcase name="googlesearch" time="45.041" classname="Grid.xGoogleSearchParallelRun"/>
</testsuite> <!-- Test with Mozilla -->
