<?xml version="1.0" encoding="UTF-8" ?>
<testsuite tests="8" failures="0" name="TestSuite" time="0.725" errors="0" skipped="8">
  <properties>
[...]
</properties>
  <testcase classname="com.qtpselenium.framework.datadriven.PortFolio.LeastPerAssetTest" name="LeastPerAssetTest" time="0.117">
    <skipped/>
    <system-out>Configuring TestNG with: org.apache.maven.surefire.testng.conf.TestNG652Configurator@4141d797
C:\Sheel\workspace\Core_WebDriver_DataDriven_Framework
C:\Sheel\workspace\Core_WebDriver_DataDriven_Framework\src\test\java\com\qtpselenium\framework\datadriven\xlsx\
Total number of rows 27
 Test Satrt from row number 8
Total rows of data are 3
Total column of data are 6
Y

Chrome



N

C12
C23
C34
C44
N

C13
C24
C35
C45
</system-out>
  </testcase>
  <testcase classname="com.qtpselenium.framework.datadriven.PortFolio.LeastPerAssetTest" name="LeastPerAssetTest" time="0.081">
    <skipped/>
  </testcase>
  <testcase classname="com.qtpselenium.framework.datadriven.PortFolio.LeastPerAssetTest" name="LeastPerAssetTest" time="0.082">
    <skipped/>
  </testcase>
  <testcase classname="com.qtpselenium.framework.datadriven.PortFolio.LoginTest" name="LoginTest" time="0.088">
    <skipped/>
    <system-out>Total number of rows 27
 Test Satrt from row number 2
Total rows of data are 3
Total column of data are 6
Y

Chrome
sheel2006@gmail.com
helpdesk
Success
N

Chrome
C23
C34
Failure
N

Mozilla
C24
C35
Success
</system-out>
  </testcase>
  <testcase classname="com.qtpselenium.framework.datadriven.PortFolio.LoginTest" name="LoginTest" time="0.096">
    <skipped/>
  </testcase>
  <testcase classname="com.qtpselenium.framework.datadriven.PortFolio.LoginTest" name="LoginTest" time="0.08">
    <skipped/>
  </testcase>
  <testcase classname="com.qtpselenium.framework.datadriven.PortFolio.Test4" name="test4" time="0.076">
    <skipped/>
    <system-out>Total number of rows 27
 Test Satrt from row number 18
Total rows of data are 2
Total column of data are 3
Y

C11
Y

C12
</system-out>
  </testcase>
  <testcase classname="com.qtpselenium.framework.datadriven.PortFolio.Test4" name="test4" time="0.105">
    <skipped/>
  </testcase>
</testsuite>