<?xml version="1.0" encoding="UTF-8"?>
<!-- Generated by org.testng.reporters.JUnitXMLReporter -->
<testsuite hostname="Lenovo-PC" name="Command line test" tests="8" failures="0" timestamp="2 Apr 2016 09:20:09 GMT" time="1.805" errors="0">
  <testcase name="LeastPerAssetTest" time="0.113" classname="com.qtpselenium.framework.datadriven.PortFolio.LeastPerAssetTest">
    <skipped/>
  </testcase> <!-- LeastPerAssetTest -->
  <testcase name="LeastPerAssetTest" time="0.084" classname="com.qtpselenium.framework.datadriven.PortFolio.LeastPerAssetTest">
    <skipped/>
  </testcase> <!-- LeastPerAssetTest -->
  <testcase name="LeastPerAssetTest" time="0.082" classname="com.qtpselenium.framework.datadriven.PortFolio.LeastPerAssetTest">
    <skipped/>
  </testcase> <!-- LeastPerAssetTest -->
  <testcase name="LoginTest" time="0.088" classname="com.qtpselenium.framework.datadriven.PortFolio.LoginTest">
    <skipped/>
  </testcase> <!-- LoginTest -->
  <testcase name="LoginTest" time="0.095" classname="com.qtpselenium.framework.datadriven.PortFolio.LoginTest">
    <skipped/>
  </testcase> <!-- LoginTest -->
  <testcase name="LoginTest" time="0.077" classname="com.qtpselenium.framework.datadriven.PortFolio.LoginTest">
    <skipped/>
  </testcase> <!-- LoginTest -->
  <testcase name="test4" time="0.076" classname="com.qtpselenium.framework.datadriven.PortFolio.Test4">
    <skipped/>
  </testcase> <!-- test4 -->
  <testcase name="test4" time="0.106" classname="com.qtpselenium.framework.datadriven.PortFolio.Test4">
    <skipped/>
  </testcase> <!-- test4 -->
</testsuite> <!-- Command line test -->
