<?xml version="1.0" encoding="UTF-8" ?>
<testsuite tests="19" failures="0" name="TestSuite" time="0.608" errors="0" skipped="4">
  <properties>
[...]
</properties>
  <testcase classname="com.qtpselenium.framework.datadriven.suiteA.Test1" name="test1" time="0.106"/>
  <testcase classname="com.qtpselenium.framework.datadriven.suiteA.Test1" name="test1" time="0.068"/>
  <testcase classname="com.qtpselenium.framework.datadriven.suiteA.Test1" name="test1" time="0.059"/>
  <testcase classname="com.qtpselenium.framework.datadriven.suiteB.Test1" name="test1" time="0.078"/>
  <testcase classname="com.qtpselenium.framework.datadriven.suiteB.Test1" name="test1" time="0.06"/>
  <testcase classname="com.qtpselenium.framework.datadriven.suiteB.Test1" name="test1" time="0.052"/>
  <testcase classname="com.qtpselenium.framework.datadriven.suiteA.Test2" name="test2" time="0.036"/>
  <testcase classname="com.qtpselenium.framework.datadriven.suiteA.Test2" name="test2" time="0.048"/>
  <testcase classname="com.qtpselenium.framework.datadriven.suiteA.Test2" name="test2" time="0.05"/>
  <testcase classname="com.qtpselenium.framework.datadriven.suiteB.Test2" name="test2" time="0"/>
  <testcase classname="com.qtpselenium.framework.datadriven.suiteB.Test2" name="test2" time="0">
    <skipped/>
  </testcase>
  <testcase classname="com.qtpselenium.framework.datadriven.suiteB.Test2" name="test2" time="0"/>
  <testcase classname="com.qtpselenium.framework.datadriven.suiteA.Test3" name="test3" time="0">
    <skipped/>
    <system-out>Total number of rows 27
 Test Satrt from row number 14
Total rows of data are 1
Total column of data are 7
Y

C11
C22
C33
C43
C53
</system-out>
  </testcase>
  <testcase classname="com.qtpselenium.framework.datadriven.suiteB.Test3" name="test3" time="0">
    <skipped/>
    <system-out>Total number of rows 96
 Test Satrt from row number 14
Total rows of data are 1
Total column of data are 6






</system-out>
  </testcase>
  <testcase classname="com.qtpselenium.framework.datadriven.suiteA.Test4" name="test4" time="0"/>
  <testcase classname="com.qtpselenium.framework.datadriven.suiteA.Test4" name="test4" time="0"/>
  <testcase classname="com.qtpselenium.framework.datadriven.suiteA.Test5" name="test5" time="0"/>
  <testcase classname="com.qtpselenium.framework.datadriven.suiteA.Test5" name="test5" time="0.009">
    <skipped/>
  </testcase>
  <testcase classname="com.qtpselenium.framework.datadriven.suiteA.Test5" name="test5" time="0.042"/>
</testsuite>