<?xml version="1.0" encoding="UTF-8"?>
<!-- Generated by org.testng.reporters.JUnitXMLReporter -->
<testsuite hostname="Lenovo-PC" name="Yahoo YahooRegisiterTest_Parameter_TestNg Test" tests="3" failures="0" timestamp="7 Mar 2016 15:04:12 GMT" time="0.0" errors="0">
  <testcase name="testregisiter" time="0.0" classname="test.YahooRegisiterTest_Parameter_TestNg"/>
  <testcase name="testregisiter" time="0.0" classname="test.YahooRegisiterTest_Parameter_TestNg"/>
  <testcase name="testregisiter" time="0.0" classname="test.YahooRegisiterTest_Parameter_TestNg"/>
</testsuite> <!-- Yahoo YahooRegisiterTest_Parameter_TestNg Test -->
