<?xml version="1.0" encoding="UTF-8"?>
<!-- Generated by org.testng.reporters.JUnitXMLReporter -->
<testsuite hostname="Lenovo-PC" name="Test2" tests="1" failures="1" timestamp="2 Apr 2016 09:10:03 GMT" time="0.012" errors="0">
  <testcase name="test2" time="0.005" classname="SuiteA.Test2">
    <failure type="java.lang.AssertionError" message="expected [B] but found [A]">
      <![CDATA[java.lang.AssertionError: expected [B] but found [A]
	at SuiteA.Test2.test2(Test2.java:10)
... Removed 31 stack frames]]>
    </failure>
  </testcase> <!-- test2 -->
</testsuite> <!-- Test2 -->
