<?xml version="1.0" encoding="UTF-8"?>
<!-- Generated by org.testng.reporters.JUnitXMLReporter -->
<testsuite hostname="Lenovo-PC" name="Test1" tests="2" failures="1" timestamp="2 Apr 2016 09:10:03 GMT" time="0.077" errors="0">
  <testcase name="test1" time="0.028" classname="SuiteA.Test1">
    <failure type="java.lang.AssertionError" message="Fail 1st Set">
      <![CDATA[java.lang.AssertionError: Fail 1st Set
	at SuiteA.Test1.test1(Test1.java:12)
... Removed 26 stack frames]]>
    </failure>
  </testcase> <!-- test1 -->
  <testcase name="test1" time="0.001" classname="SuiteA.Test1"/>
</testsuite> <!-- Test1 -->
