<?xml version="1.0" encoding="UTF-8"?>
<!-- Generated by org.testng.reporters.JUnitXMLReporter -->
<testsuite hostname="Lenovo-PC" name="Default test" tests="3" failures="0" timestamp="2 Apr 2016 17:44:31 GMT" time="1.117" errors="0">
  <testcase name="test1" time="0.12" classname="com.qtpselenium.framework.datadriven.suiteA.Test1"/>
  <testcase name="test1" time="0.071" classname="com.qtpselenium.framework.datadriven.suiteA.Test1"/>
  <testcase name="test1" time="0.084" classname="com.qtpselenium.framework.datadriven.suiteA.Test1"/>
</testsuite> <!-- Default test -->
