<?xml version="1.0" encoding="UTF-8"?>
<!-- Generated by org.testng.reporters.JUnitXMLReporter -->
<testsuite hostname="Lenovo-PC" name="Test 2" tests="3" failures="0" timestamp="18 May 2016 15:28:50 GMT" time="0.374" errors="0">
  <testcase name="test2" time="0.111" classname="com.qtpselenium.framework.datadriven.suiteA.Test2"/>
  <testcase name="test2" time="0.097" classname="com.qtpselenium.framework.datadriven.suiteA.Test2"/>
  <testcase name="test2" time="0.092" classname="com.qtpselenium.framework.datadriven.suiteA.Test2"/>
</testsuite> <!-- Test 2 -->
