<?xml version="1.0" encoding="UTF-8"?>
<!-- Generated by org.testng.reporters.JUnitXMLReporter -->
<testsuite hostname="Lenovo-PC" name="Test 2" tests="3" failures="0" timestamp="8 Mar 2016 16:37:25 GMT" time="0.275" errors="0">
  <testcase name="test2" time="0.066" classname="com.qtpselenium.framework.datadriven.PortFolio.Test2"/>
  <testcase name="test2" time="0.078" classname="com.qtpselenium.framework.datadriven.PortFolio.Test2"/>
  <testcase name="test2" time="0.069" classname="com.qtpselenium.framework.datadriven.PortFolio.Test2"/>
</testsuite> <!-- Test 2 -->
