<?xml version="1.0" encoding="UTF-8"?>
<!-- Generated by org.testng.reporters.JUnitXMLReporter -->
<testsuite hostname="Lenovo-PC" name="Test 2" tests="3" failures="0" timestamp="18 May 2016 15:28:54 GMT" time="0.19" errors="0">
  <testcase name="test2" time="0.048" classname="com.qtpselenium.framework.datadriven.suiteB.Test2"/>
  <testcase name="test2" time="0.055" classname="com.qtpselenium.framework.datadriven.suiteB.Test2">
    <skipped/>
  </testcase> <!-- test2 -->
  <testcase name="test2" time="0.048" classname="com.qtpselenium.framework.datadriven.suiteB.Test2"/>
</testsuite> <!-- Test 2 -->
