<?xml version="1.0" encoding="UTF-8"?>
<!-- Generated by org.testng.reporters.JUnitXMLReporter -->
<testsuite hostname="Lenovo-PC" name="Test 1" tests="3" failures="0" timestamp="18 May 2016 15:28:54 GMT" time="0.586" errors="0">
  <testcase name="test1" time="0.318" classname="com.qtpselenium.framework.datadriven.suiteB.Test1"/>
  <testcase name="test1" time="0.078" classname="com.qtpselenium.framework.datadriven.suiteB.Test1"/>
  <testcase name="test1" time="0.072" classname="com.qtpselenium.framework.datadriven.suiteB.Test1"/>
</testsuite> <!-- Test 1 -->
