<?xml version="1.0" encoding="UTF-8"?>
<testng-results skipped="1" failed="0" total="6" passed="5">
  <reporter-output>
  </reporter-output>
  <suite name="Yahoo" duration-ms="62" started-at="2016-03-07T15:04:12Z" finished-at="2016-03-07T15:04:12Z">
    <groups>
    </groups>
    <test name="Yahoo Mail Tes" duration-ms="16" started-at="2016-03-07T15:04:12Z" finished-at="2016-03-07T15:04:12Z">
      <class name="test.YahooTest">
        <test-method status="PASS" signature="beforeClass()[pri:0, instance:test.YahooTest@1c53fd30]" name="beforeClass" is-config="true" duration-ms="0" started-at="2016-03-07T20:34:12Z" finished-at="2016-03-07T20:34:12Z">
          <reporter-output>
          </reporter-output>
        </test-method> <!-- beforeClass -->
        <test-method status="PASS" signature="afterMethod()[pri:0, instance:test.YahooTest@1c53fd30]" name="afterMethod" is-config="true" duration-ms="0" started-at="2016-03-07T20:34:12Z" finished-at="2016-03-07T20:34:12Z">
          <reporter-output>
          </reporter-output>
        </test-method> <!-- afterMethod -->
        <test-method status="SKIP" signature="Yahooreveivemail()[pri:0, instance:test.YahooTest@1c53fd30]" name="Yahooreveivemail" duration-ms="0" started-at="2016-03-07T20:34:12Z" finished-at="2016-03-07T20:34:12Z">
          <exception class="org.testng.SkipException">
            <message>
              <![CDATA[Skip this Test]]>
            </message>
            <full-stacktrace>
              <![CDATA[org.testng.SkipException: Skip this Test
	at test.YahooTest.Yahooreveivemail(YahooTest.java:40)
	at sun.reflect.NativeMethodAccessorImpl.invoke0(Native Method)
	at sun.reflect.NativeMethodAccessorImpl.invoke(NativeMethodAccessorImpl.java:62)
	at sun.reflect.DelegatingMethodAccessorImpl.invoke(DelegatingMethodAccessorImpl.java:43)
	at java.lang.reflect.Method.invoke(Method.java:497)
	at org.testng.internal.MethodInvocationHelper.invokeMethod(MethodInvocationHelper.java:86)
	at org.testng.internal.Invoker.invokeMethod(Invoker.java:645)
	at org.testng.internal.Invoker.invokeTestMethod(Invoker.java:822)
	at org.testng.internal.Invoker.invokeTestMethods(Invoker.java:1130)
	at org.testng.internal.TestMethodWorker.invokeTestMethods(TestMethodWorker.java:129)
	at org.testng.internal.TestMethodWorker.run(TestMethodWorker.java:112)
	at org.testng.TestRunner.privateRun(TestRunner.java:782)
	at org.testng.TestRunner.run(TestRunner.java:632)
	at org.testng.SuiteRunner.runTest(SuiteRunner.java:366)
	at org.testng.SuiteRunner.runSequentially(SuiteRunner.java:361)
	at org.testng.SuiteRunner.privateRun(SuiteRunner.java:319)
	at org.testng.SuiteRunner.run(SuiteRunner.java:268)
	at org.testng.SuiteRunnerWorker.runSuite(SuiteRunnerWorker.java:52)
	at org.testng.SuiteRunnerWorker.run(SuiteRunnerWorker.java:86)
	at org.testng.TestNG.runSuitesSequentially(TestNG.java:1244)
	at org.testng.TestNG.runSuitesLocally(TestNG.java:1169)
	at org.testng.TestNG.run(TestNG.java:1064)
	at org.testng.TestNG.privateMain(TestNG.java:1385)
	at org.testng.TestNG.main(TestNG.java:1354)
]]>
            </full-stacktrace>
          </exception> <!-- org.testng.SkipException -->
          <reporter-output>
          </reporter-output>
        </test-method> <!-- Yahooreveivemail -->
        <test-method status="PASS" signature="beforeMethod()[pri:0, instance:test.YahooTest@1c53fd30]" name="beforeMethod" is-config="true" duration-ms="0" started-at="2016-03-07T20:34:12Z" finished-at="2016-03-07T20:34:12Z">
          <reporter-output>
          </reporter-output>
        </test-method> <!-- beforeMethod -->
        <test-method status="PASS" signature="beforeTest()[pri:0, instance:test.YahooTest@1c53fd30]" name="beforeTest" is-config="true" duration-ms="0" started-at="2016-03-07T20:34:12Z" finished-at="2016-03-07T20:34:12Z">
          <reporter-output>
          </reporter-output>
        </test-method> <!-- beforeTest -->
        <test-method status="PASS" signature="YahooSendMail()[pri:0, instance:test.YahooTest@1c53fd30]" name="YahooSendMail" duration-ms="0" started-at="2016-03-07T20:34:12Z" finished-at="2016-03-07T20:34:12Z">
          <reporter-output>
          </reporter-output>
        </test-method> <!-- YahooSendMail -->
        <test-method status="PASS" signature="beforeMethod()[pri:0, instance:test.YahooTest@1c53fd30]" name="beforeMethod" is-config="true" duration-ms="0" started-at="2016-03-07T20:34:12Z" finished-at="2016-03-07T20:34:12Z">
          <reporter-output>
          </reporter-output>
        </test-method> <!-- beforeMethod -->
        <test-method status="PASS" signature="afterMethod()[pri:0, instance:test.YahooTest@1c53fd30]" name="afterMethod" is-config="true" duration-ms="0" started-at="2016-03-07T20:34:12Z" finished-at="2016-03-07T20:34:12Z">
          <reporter-output>
          </reporter-output>
        </test-method> <!-- afterMethod -->
        <test-method status="PASS" signature="afterTest()[pri:0, instance:test.YahooTest@1c53fd30]" name="afterTest" is-config="true" duration-ms="0" started-at="2016-03-07T20:34:12Z" finished-at="2016-03-07T20:34:12Z">
          <reporter-output>
          </reporter-output>
        </test-method> <!-- afterTest -->
      </class> <!-- test.YahooTest -->
    </test> <!-- Yahoo Mail Tes -->
    <test name="Yahoo News Test" duration-ms="0" started-at="2016-03-07T15:04:12Z" finished-at="2016-03-07T15:04:12Z">
      <class name="test.YahooNewsTest">
        <test-method status="PASS" signature="xyz()[pri:0, instance:test.YahooNewsTest@233c0b17]" name="xyz" is-config="true" duration-ms="0" started-at="2016-03-07T20:34:12Z" finished-at="2016-03-07T20:34:12Z">
          <reporter-output>
          </reporter-output>
        </test-method> <!-- xyz -->
        <test-method status="PASS" signature="TestNews()[pri:0, instance:test.YahooNewsTest@233c0b17]" name="TestNews" duration-ms="0" started-at="2016-03-07T20:34:12Z" finished-at="2016-03-07T20:34:12Z">
          <reporter-output>
          </reporter-output>
        </test-method> <!-- TestNews -->
      </class> <!-- test.YahooNewsTest -->
    </test> <!-- Yahoo News Test -->
    <test name="Yahoo YahooRegisiterTest_Parameter_TestNg Test" duration-ms="0" started-at="2016-03-07T15:04:12Z" finished-at="2016-03-07T15:04:12Z">
      <class name="test.YahooRegisiterTest_Parameter_TestNg">
        <test-method status="PASS" signature="testregisiter(java.lang.String, java.lang.String, java.lang.String, java.lang.String)[pri:0, instance:test.YahooRegisiterTest_Parameter_TestNg@17d99928]" name="testregisiter" duration-ms="0" started-at="2016-03-07T20:34:12Z" data-provider="regisiterdata" finished-at="2016-03-07T20:34:12Z">
          <params>
            <param index="0">
              <value>
                <![CDATA[user2]]>
              </value>
            </param>
            <param index="1">
              <value>
                <![CDATA[Pass2]]>
              </value>
            </param>
            <param index="2">
              <value>
                <![CDATA[email2]]>
              </value>
            </param>
            <param index="3">
              <value>
                <![CDATA[city2]]>
              </value>
            </param>
          </params>
          <reporter-output>
          </reporter-output>
        </test-method> <!-- testregisiter -->
        <test-method status="PASS" signature="testregisiter(java.lang.String, java.lang.String, java.lang.String, java.lang.String)[pri:0, instance:test.YahooRegisiterTest_Parameter_TestNg@17d99928]" name="testregisiter" duration-ms="0" started-at="2016-03-07T20:34:12Z" data-provider="regisiterdata" finished-at="2016-03-07T20:34:12Z">
          <params>
            <param index="0">
              <value>
                <![CDATA[user1]]>
              </value>
            </param>
            <param index="1">
              <value>
                <![CDATA[Pass1]]>
              </value>
            </param>
            <param index="2">
              <value>
                <![CDATA[email1]]>
              </value>
            </param>
            <param index="3">
              <value>
                <![CDATA[city1]]>
              </value>
            </param>
          </params>
          <reporter-output>
          </reporter-output>
        </test-method> <!-- testregisiter -->
        <test-method status="PASS" signature="testregisiter(java.lang.String, java.lang.String, java.lang.String, java.lang.String)[pri:0, instance:test.YahooRegisiterTest_Parameter_TestNg@17d99928]" name="testregisiter" duration-ms="0" started-at="2016-03-07T20:34:12Z" data-provider="regisiterdata" finished-at="2016-03-07T20:34:12Z">
          <params>
            <param index="0">
              <value>
                <![CDATA[user2]]>
              </value>
            </param>
            <param index="1">
              <value>
                <![CDATA[Pass2]]>
              </value>
            </param>
            <param index="2">
              <value>
                <![CDATA[email2]]>
              </value>
            </param>
            <param index="3">
              <value>
                <![CDATA[city2]]>
              </value>
            </param>
          </params>
          <reporter-output>
          </reporter-output>
        </test-method> <!-- testregisiter -->
      </class> <!-- test.YahooRegisiterTest_Parameter_TestNg -->
      <class name="test.YahooTest">
        <test-method status="PASS" signature="beforeSuite()[pri:0, instance:test.YahooTest@1c53fd30]" name="beforeSuite" is-config="true" duration-ms="16" started-at="2016-03-07T20:34:12Z" finished-at="2016-03-07T20:34:12Z">
          <reporter-output>
          </reporter-output>
        </test-method> <!-- beforeSuite -->
        <test-method status="PASS" signature="afterSuite()[pri:0, instance:test.YahooTest@1c53fd30]" name="afterSuite" is-config="true" duration-ms="0" started-at="2016-03-07T20:34:12Z" finished-at="2016-03-07T20:34:12Z">
          <reporter-output>
          </reporter-output>
        </test-method> <!-- afterSuite -->
      </class> <!-- test.YahooTest -->
    </test> <!-- Yahoo YahooRegisiterTest_Parameter_TestNg Test -->
  </suite> <!-- Yahoo -->
</testng-results>
