<?xml version="1.0" encoding="UTF-8"?>
<!-- Generated by org.testng.reporters.JUnitXMLReporter -->
<testsuite hostname="Lenovo-PC" name="TestCase_B1" tests="4" failures="0" timestamp="18 May 2016 15:27:59 GMT" time="0.039" errors="0">
  <testcase name="testcaseB1" time="0.004" classname="com.qtpselenium.suiteB.TestCase_B1"/>
  <testcase name="testcaseB1" time="0.002" classname="com.qtpselenium.suiteB.TestCase_B1">
    <skipped/>
  </testcase> <!-- testcaseB1 -->
  <testcase name="testcaseB1" time="0.003" classname="com.qtpselenium.suiteB.TestCase_B1"/>
  <testcase name="testcaseB1" time="0.002" classname="com.qtpselenium.suiteB.TestCase_B1"/>
</testsuite> <!-- TestCase_B1 -->
