<?xml version="1.0" encoding="UTF-8"?>
<!-- Generated by org.testng.reporters.JUnitXMLReporter -->
<testsuite hostname="Lenovo-PC" name="Login Test" tests="3" failures="0" timestamp="14 Mar 2016 18:17:05 GMT" time="46.914" errors="0">
  <testcase name="LoginTest" time="44.465" classname="com.qtpselenium.framework.datadriven.PortFolio.LoginTest"/>
  <testcase name="LoginTest" time="0.075" classname="com.qtpselenium.framework.datadriven.PortFolio.LoginTest">
    <skipped/>
  </testcase> <!-- LoginTest -->
  <testcase name="LoginTest" time="0.065" classname="com.qtpselenium.framework.datadriven.PortFolio.LoginTest">
    <skipped/>
  </testcase> <!-- LoginTest -->
</testsuite> <!-- Login Test -->
