<?xml version="1.0" encoding="UTF-8"?>
<!-- Generated by org.testng.reporters.JUnitXMLReporter -->
<testsuite hostname="Lenovo-PC" name="Default test" tests="1" failures="1" timestamp="26 Jan 2017 04:26:50 GMT" time="47.709" errors="0">
  <testcase name="CreateProfileTest" time="47.663" classname="CreateProfileTest.CreateProfileTest">
    <failure type="org.openqa.selenium.WebDriverException" message="Failed to connect to binary FirefoxBinary(C:\Program Files (x86)\Mozilla Firefox\firefox.exe) on port 7055; process output follows: 
browser\features\firefox@getpocket.com.xpi
1485404765457	addons.xpi	DEBUG	Calling bootstrap method startup on firefox@getpocket.com version 1.0.5
1485404765458	addons.xpi	DEBUG	Registering manifest for C:\Program Files (x86)\Mozilla Firefox\browser\features\webcompat@mozilla.org.xpi
1485404765459	addons.xpi	DEBUG	Calling bootstrap method startup on webcompat@mozilla.org version 1.0
1485404765462	addons.manager	DEBUG	Registering shutdown blocker for XPIProvider
1485404765463	addons.manager	DEBUG	Provider finished startup: XPIProvider
1485404765464	addons.manager	DEBUG	Starting provider: LightweightThemeManager
1485404765464	addons.manager	DEBUG	Registering shutdown blocker for LightweightThemeManager
1485404765464	addons.manager	DEBUG	Provider finished startup: LightweightThemeManager
1485404765465	addons.manager	DEBUG	Starting provider: GMPProvider
1485404765479	addons.manager	DEBUG	Registering shutdown blocker for GMPProvider
1485404765479	addons.manager	DEBUG	Provider finished startup: GMPProvider
1485404765479	addons.manager	DEBUG	Starting provider: PluginProvider
1485404765480	addons.manager	DEBUG	Registering shutdown blocker for PluginProvider
1485404765481	addons.manager	DEBUG	Provider finished startup: PluginProvider
1485404765481	addons.manager	DEBUG	Completed startup sequence
1485404766015	addons.manager	DEBUG	Starting provider: &amp;lt;unnamed-provider&amp;gt;
1485404766015	addons.manager	DEBUG	Registering shutdown blocker for &amp;lt;unnamed-provider&amp;gt;
1485404766016	addons.manager	DEBUG	Provider finished startup: &amp;lt;unnamed-provider&amp;gt;
1485404766279	DeferredSave.extensions.json	DEBUG	Write succeeded
1485404766280	addons.xpi-utils	DEBUG	XPI Database saved, setting schema version preference to 17
1485404766280	DeferredSave.extensions.json	DEBUG	Starting timer
1485404766301	addons.repository	DEBUG	No addons.json found.
1485404766302	DeferredSave.addons.json	DEBUG	Save changes
1485404766306	DeferredSave.addons.json	DEBUG	Starting timer
1485404766403	addons.manager	DEBUG	Starting provider: PreviousExperimentProvider
1485404766403	addons.manager	DEBUG	Registering shutdown blocker for PreviousExperimentProvider
1485404766403	addons.manager	DEBUG	Provider finished startup: PreviousExperimentProvider
1485404766405	DeferredSave.extensions.json	DEBUG	Starting write
1485404766409	DeferredSave.addons.json	DEBUG	Starting write
1485404766446	DeferredSave.extensions.json	DEBUG	Write succeeded
1485404766460	DeferredSave.addons.json	DEBUG	Write succeeded
JavaScript error: resource://gre/components/nsHandlerService.js, line 391: NS_ERROR_FILE_ACCESS_DENIED: Component returned failure code: 0x80520015 (NS_ERROR_FILE_ACCESS_DENIED) [nsIRDFRemoteDataSource.Flush]
JavaScript error: resource://gre/components/nsHandlerService.js, line 391: NS_ERROR_FILE_ACCESS_DENIED: Component returned failure code: 0x80520015 (NS_ERROR_FILE_ACCESS_DENIED) [nsIRDFRemoteDataSource.Flush]
1485404780015	addons.xpi	DEBUG	Calling bootstrap method shutdown on aushelper@mozilla.org version 1.0
1485404780016	addons.xpi	DEBUG	Calling bootstrap method shutdown on e10srollout@mozilla.org version 1.5
1485404780017	addons.xpi	DEBUG	Calling bootstrap method shutdown on firefox@getpocket.com version 1.0.5
1485404780019	addons.xpi	DEBUG	Calling bootstrap method shutdown on webcompat@mozilla.org version 1.0
1485404780227	addons.manager	DEBUG	shutdown
1485404780228	addons.manager	DEBUG	Calling shutdown blocker for XPIProvider
1485404780228	addons.xpi	DEBUG	shutdown
1485404780228	addons.xpi-utils	DEBUG	shutdown
1485404780229	addons.manager	DEBUG	Calling shutdown blocker for LightweightThemeManager
1485404780230	addons.manager	DEBUG	Calling shutdown blocker for GMPProvider
1485404780234	addons.manager	DEBUG	Calling shutdown blocker for PluginProvider
1485404780235	addons.manager	DEBUG	Calling shutdown blocker for &amp;lt;unnamed-provider&amp;gt;
1485404780238	addons.manager	DEBUG	Calling shutdown blocker for PreviousExperimentProvider
1485404780242	addons.xpi	DEBUG	Notifying XPI shutdown observers
1485404780247	addons.manager	DEBUG	Async provider shutdown done

Build info: version: &amp;apos;2.52.0&amp;apos;, revision: &amp;apos;4c2593c&amp;apos;, time: &amp;apos;2016-02-11 19:03:33&amp;apos;
System info: host: &amp;apos;Lenovo-PC&amp;apos;, ip: &amp;apos;192.168.1.4&amp;apos;, os.name: &amp;apos;Windows 10&amp;apos;, os.arch: &amp;apos;amd64&amp;apos;, os.version: &amp;apos;10.0&amp;apos;, java.version: &amp;apos;1.8.0_71&amp;apos;
Driver info: driver.version: FirefoxDriver">
      <![CDATA[org.openqa.selenium.WebDriverException: Failed to connect to binary FirefoxBinary(C:\Program Files (x86)\Mozilla Firefox\firefox.exe) on port 7055; process output follows: 
browser\features\firefox@getpocket.com.xpi
1485404765457	addons.xpi	DEBUG	Calling bootstrap method startup on firefox@getpocket.com version 1.0.5
1485404765458	addons.xpi	DEBUG	Registering manifest for C:\Program Files (x86)\Mozilla Firefox\browser\features\webcompat@mozilla.org.xpi
1485404765459	addons.xpi	DEBUG	Calling bootstrap method startup on webcompat@mozilla.org version 1.0
1485404765462	addons.manager	DEBUG	Registering shutdown blocker for XPIProvider
1485404765463	addons.manager	DEBUG	Provider finished startup: XPIProvider
1485404765464	addons.manager	DEBUG	Starting provider: LightweightThemeManager
1485404765464	addons.manager	DEBUG	Registering shutdown blocker for LightweightThemeManager
1485404765464	addons.manager	DEBUG	Provider finished startup: LightweightThemeManager
1485404765465	addons.manager	DEBUG	Starting provider: GMPProvider
1485404765479	addons.manager	DEBUG	Registering shutdown blocker for GMPProvider
1485404765479	addons.manager	DEBUG	Provider finished startup: GMPProvider
1485404765479	addons.manager	DEBUG	Starting provider: PluginProvider
1485404765480	addons.manager	DEBUG	Registering shutdown blocker for PluginProvider
1485404765481	addons.manager	DEBUG	Provider finished startup: PluginProvider
1485404765481	addons.manager	DEBUG	Completed startup sequence
1485404766015	addons.manager	DEBUG	Starting provider: <unnamed-provider>
1485404766015	addons.manager	DEBUG	Registering shutdown blocker for <unnamed-provider>
1485404766016	addons.manager	DEBUG	Provider finished startup: <unnamed-provider>
1485404766279	DeferredSave.extensions.json	DEBUG	Write succeeded
1485404766280	addons.xpi-utils	DEBUG	XPI Database saved, setting schema version preference to 17
1485404766280	DeferredSave.extensions.json	DEBUG	Starting timer
1485404766301	addons.repository	DEBUG	No addons.json found.
1485404766302	DeferredSave.addons.json	DEBUG	Save changes
1485404766306	DeferredSave.addons.json	DEBUG	Starting timer
1485404766403	addons.manager	DEBUG	Starting provider: PreviousExperimentProvider
1485404766403	addons.manager	DEBUG	Registering shutdown blocker for PreviousExperimentProvider
1485404766403	addons.manager	DEBUG	Provider finished startup: PreviousExperimentProvider
1485404766405	DeferredSave.extensions.json	DEBUG	Starting write
1485404766409	DeferredSave.addons.json	DEBUG	Starting write
1485404766446	DeferredSave.extensions.json	DEBUG	Write succeeded
1485404766460	DeferredSave.addons.json	DEBUG	Write succeeded
JavaScript error: resource://gre/components/nsHandlerService.js, line 391: NS_ERROR_FILE_ACCESS_DENIED: Component returned failure code: 0x80520015 (NS_ERROR_FILE_ACCESS_DENIED) [nsIRDFRemoteDataSource.Flush]
JavaScript error: resource://gre/components/nsHandlerService.js, line 391: NS_ERROR_FILE_ACCESS_DENIED: Component returned failure code: 0x80520015 (NS_ERROR_FILE_ACCESS_DENIED) [nsIRDFRemoteDataSource.Flush]
1485404780015	addons.xpi	DEBUG	Calling bootstrap method shutdown on aushelper@mozilla.org version 1.0
1485404780016	addons.xpi	DEBUG	Calling bootstrap method shutdown on e10srollout@mozilla.org version 1.5
1485404780017	addons.xpi	DEBUG	Calling bootstrap method shutdown on firefox@getpocket.com version 1.0.5
1485404780019	addons.xpi	DEBUG	Calling bootstrap method shutdown on webcompat@mozilla.org version 1.0
1485404780227	addons.manager	DEBUG	shutdown
1485404780228	addons.manager	DEBUG	Calling shutdown blocker for XPIProvider
1485404780228	addons.xpi	DEBUG	shutdown
1485404780228	addons.xpi-utils	DEBUG	shutdown
1485404780229	addons.manager	DEBUG	Calling shutdown blocker for LightweightThemeManager
1485404780230	addons.manager	DEBUG	Calling shutdown blocker for GMPProvider
1485404780234	addons.manager	DEBUG	Calling shutdown blocker for PluginProvider
1485404780235	addons.manager	DEBUG	Calling shutdown blocker for <unnamed-provider>
1485404780238	addons.manager	DEBUG	Calling shutdown blocker for PreviousExperimentProvider
1485404780242	addons.xpi	DEBUG	Notifying XPI shutdown observers
1485404780247	addons.manager	DEBUG	Async provider shutdown done

Build info: version: '2.52.0', revision: '4c2593c', time: '2016-02-11 19:03:33'
System info: host: 'Lenovo-PC', ip: '192.168.1.4', os.name: 'Windows 10', os.arch: 'amd64', os.version: '10.0', java.version: '1.8.0_71'
Driver info: driver.version: FirefoxDriver
	at org.openqa.selenium.firefox.internal.NewProfileExtensionConnection.start(NewProfileExtensionConnection.java:124)
	at org.openqa.selenium.firefox.FirefoxDriver.startClient(FirefoxDriver.java:271)
	at org.openqa.selenium.remote.RemoteWebDriver.<init>(RemoteWebDriver.java:119)
	at org.openqa.selenium.firefox.FirefoxDriver.<init>(FirefoxDriver.java:218)
	at org.openqa.selenium.firefox.FirefoxDriver.<init>(FirefoxDriver.java:211)
	at org.openqa.selenium.firefox.FirefoxDriver.<init>(FirefoxDriver.java:207)
	at org.openqa.selenium.firefox.FirefoxDriver.<init>(FirefoxDriver.java:120)
	at CreateProfileTest.CreateProfileTest.CreateProfileTest(CreateProfileTest.java:13)
	at sun.reflect.NativeMethodAccessorImpl.invoke0(Native Method)
	at sun.reflect.NativeMethodAccessorImpl.invoke(Unknown Source)
	at sun.reflect.DelegatingMethodAccessorImpl.invoke(Unknown Source)
	at java.lang.reflect.Method.invoke(Unknown Source)
	at org.testng.internal.MethodInvocationHelper.invokeMethod(MethodInvocationHelper.java:85)
	at org.testng.internal.Invoker.invokeMethod(Invoker.java:639)
	at org.testng.internal.Invoker.invokeTestMethod(Invoker.java:816)
	at org.testng.internal.Invoker.invokeTestMethods(Invoker.java:1124)
	at org.testng.internal.TestMethodWorker.invokeTestMethods(TestMethodWorker.java:125)
	at org.testng.internal.TestMethodWorker.run(TestMethodWorker.java:108)
	at org.testng.TestRunner.privateRun(TestRunner.java:774)
	at org.testng.TestRunner.run(TestRunner.java:624)
	at org.testng.SuiteRunner.runTest(SuiteRunner.java:359)
	at org.testng.SuiteRunner.runSequentially(SuiteRunner.java:354)
	at org.testng.SuiteRunner.privateRun(SuiteRunner.java:312)
	at org.testng.SuiteRunner.run(SuiteRunner.java:261)
	at org.testng.SuiteRunnerWorker.runSuite(SuiteRunnerWorker.java:52)
	at org.testng.SuiteRunnerWorker.run(SuiteRunnerWorker.java:86)
	at org.testng.TestNG.runSuitesSequentially(TestNG.java:1215)
	at org.testng.TestNG.runSuitesLocally(TestNG.java:1140)
	at org.testng.TestNG.run(TestNG.java:1048)
	at org.testng.remote.AbstractRemoteTestNG.run(AbstractRemoteTestNG.java:126)
	at org.testng.remote.RemoteTestNG.initAndRun(RemoteTestNG.java:137)
	at org.testng.remote.RemoteTestNG.main(RemoteTestNG.java:58)
Caused by: org.openqa.selenium.firefox.NotConnectedException: Unable to connect to host 127.0.0.1 on port 7055 after 45000 ms. Firefox console output:
browser\features\firefox@getpocket.com.xpi
1485404765457	addons.xpi	DEBUG	Calling bootstrap method startup on firefox@getpocket.com version 1.0.5
1485404765458	addons.xpi	DEBUG	Registering manifest for C:\Program Files (x86)\Mozilla Firefox\browser\features\webcompat@mozilla.org.xpi
1485404765459	addons.xpi	DEBUG	Calling bootstrap method startup on webcompat@mozilla.org version 1.0
1485404765462	addons.manager	DEBUG	Registering shutdown blocker for XPIProvider
1485404765463	addons.manager	DEBUG	Provider finished startup: XPIProvider
1485404765464	addons.manager	DEBUG	Starting provider: LightweightThemeManager
1485404765464	addons.manager	DEBUG	Registering shutdown blocker for LightweightThemeManager
1485404765464	addons.manager	DEBUG	Provider finished startup: LightweightThemeManager
1485404765465	addons.manager	DEBUG	Starting provider: GMPProvider
1485404765479	addons.manager	DEBUG	Registering shutdown blocker for GMPProvider
1485404765479	addons.manager	DEBUG	Provider finished startup: GMPProvider
1485404765479	addons.manager	DEBUG	Starting provider: PluginProvider
1485404765480	addons.manager	DEBUG	Registering shutdown blocker for PluginProvider
1485404765481	addons.manager	DEBUG	Provider finished startup: PluginProvider
1485404765481	addons.manager	DEBUG	Completed startup sequence
1485404766015	addons.manager	DEBUG	Starting provider: <unnamed-provider>
1485404766015	addons.manager	DEBUG	Registering shutdown blocker for <unnamed-provider>
1485404766016	addons.manager	DEBUG	Provider finished startup: <unnamed-provider>
1485404766279	DeferredSave.extensions.json	DEBUG	Write succeeded
1485404766280	addons.xpi-utils	DEBUG	XPI Database saved, setting schema version preference to 17
1485404766280	DeferredSave.extensions.json	DEBUG	Starting timer
1485404766301	addons.repository	DEBUG	No addons.json found.
1485404766302	DeferredSave.addons.json	DEBUG	Save changes
1485404766306	DeferredSave.addons.json	DEBUG	Starting timer
1485404766403	addons.manager	DEBUG	Starting provider: PreviousExperimentProvider
1485404766403	addons.manager	DEBUG	Registering shutdown blocker for PreviousExperimentProvider
1485404766403	addons.manager	DEBUG	Provider finished startup: PreviousExperimentProvider
1485404766405	DeferredSave.extensions.json	DEBUG	Starting write
1485404766409	DeferredSave.addons.json	DEBUG	Starting write
1485404766446	DeferredSave.extensions.json	DEBUG	Write succeeded
1485404766460	DeferredSave.addons.json	DEBUG	Write succeeded
JavaScript error: resource://gre/components/nsHandlerService.js, line 391: NS_ERROR_FILE_ACCESS_DENIED: Component returned failure code: 0x80520015 (NS_ERROR_FILE_ACCESS_DENIED) [nsIRDFRemoteDataSource.Flush]
JavaScript error: resource://gre/components/nsHandlerService.js, line 391: NS_ERROR_FILE_ACCESS_DENIED: Component returned failure code: 0x80520015 (NS_ERROR_FILE_ACCESS_DENIED) [nsIRDFRemoteDataSource.Flush]
1485404780015	addons.xpi	DEBUG	Calling bootstrap method shutdown on aushelper@mozilla.org version 1.0
1485404780016	addons.xpi	DEBUG	Calling bootstrap method shutdown on e10srollout@mozilla.org version 1.5
1485404780017	addons.xpi	DEBUG	Calling bootstrap method shutdown on firefox@getpocket.com version 1.0.5
1485404780019	addons.xpi	DEBUG	Calling bootstrap method shutdown on webcompat@mozilla.org version 1.0
1485404780227	addons.manager	DEBUG	shutdown
1485404780228	addons.manager	DEBUG	Calling shutdown blocker for XPIProvider
1485404780228	addons.xpi	DEBUG	shutdown
1485404780228	addons.xpi-utils	DEBUG	shutdown
1485404780229	addons.manager	DEBUG	Calling shutdown blocker for LightweightThemeManager
1485404780230	addons.manager	DEBUG	Calling shutdown blocker for GMPProvider
1485404780234	addons.manager	DEBUG	Calling shutdown blocker for PluginProvider
1485404780235	addons.manager	DEBUG	Calling shutdown blocker for <unnamed-provider>
1485404780238	addons.manager	DEBUG	Calling shutdown blocker for PreviousExperimentProvider
1485404780242	addons.xpi	DEBUG	Notifying XPI shutdown observers
1485404780247	addons.manager	DEBUG	Async provider shutdown done

	at org.openqa.selenium.firefox.internal.NewProfileExtensionConnection.start(NewProfileExtensionConnection.java:112)
	... 31 more
]]>
    </failure>
  </testcase> <!-- CreateProfileTest -->
</testsuite> <!-- Default test -->
