<?xml version="1.0" encoding="UTF-8"?>
<testng-results skipped="0" failed="0" total="1" passed="1">
  <reporter-output>
  </reporter-output>
  <suite name="Default suite" duration-ms="42595" started-at="2016-05-19T03:00:54Z" finished-at="2016-05-19T03:01:36Z">
    <groups>
    </groups>
    <test name="Default test" duration-ms="42595" started-at="2016-05-19T03:00:54Z" finished-at="2016-05-19T03:01:36Z">
      <class name="DynamicWebTable.DynamicTable">
        <test-method status="PASS" signature="webtable()[pri:0, instance:DynamicWebTable.DynamicTable@548e7350]" name="webtable" duration-ms="42575" started-at="2016-05-19T08:30:54Z" finished-at="2016-05-19T08:31:36Z">
          <reporter-output>
          </reporter-output>
        </test-method> <!-- webtable -->
      </class> <!-- DynamicWebTable.DynamicTable -->
    </test> <!-- Default test -->
  </suite> <!-- Default suite -->
</testng-results>
