<?xml version="1.0" encoding="UTF-8"?>
<testng-results skipped="0" failed="0" total="0" passed="0">
  <reporter-output>
  </reporter-output>
  <suite name="Core_WebDriver_DataDriven_Framework.TestReports.AppTest" duration-ms="0" started-at="2016-03-07T18:25:39Z" finished-at="2016-03-07T18:25:39Z">
    <groups>
    </groups>
    <test name="Command line test" duration-ms="0" started-at="2016-03-07T18:25:39Z" finished-at="2016-03-07T18:25:39Z">
    </test> <!-- Command line test -->
  </suite> <!-- Core_WebDriver_DataDriven_Framework.TestReports.AppTest -->
</testng-results>
