<?xml version="1.0" encoding="UTF-8"?>
<!-- Generated by org.testng.reporters.JUnitXMLReporter -->
<testsuite hostname="Lenovo-PC" name="Login" tests="2" failures="1" timestamp="18 Feb 2016 19:01:54 GMT" time="0.04" errors="0">
  <testcase name="login" time="0.016" classname="testing_listener.logintest">
    <failure type="java.lang.AssertionError" message="expected [B] but found [A]">
      <![CDATA[java.lang.AssertionError: expected [B] but found [A]
	at testing_listener.logintest.login(logintest.java:11)
... Removed 30 stack frames]]>
    </failure>
  </testcase> <!-- login -->
  <testcase name="loginadmin" time="0.0" classname="testing_listener.logintest"/>
</testsuite> <!-- Login -->
