<?xml version="1.0" encoding="UTF-8"?>
<testng-results skipped="0" failed="0" total="1" passed="1">
  <reporter-output>
  </reporter-output>
  <suite name="Command line suite" duration-ms="19" started-at="2016-03-08T16:33:34Z" finished-at="2016-03-08T16:33:34Z">
    <groups>
    </groups>
    <test name="Command line test" duration-ms="19" started-at="2016-03-08T16:33:34Z" finished-at="2016-03-08T16:33:34Z">
      <class name="Core_WebDriver_DataDriven_Framework.TestReports.AppTest">
        <test-method status="PASS" signature="testApp()[pri:0, instance:testApp(Core_WebDriver_DataDriven_Framework.TestReports.AppTest)]" name="testApp" duration-ms="3" started-at="2016-03-08T22:03:34Z" finished-at="2016-03-08T22:03:34Z">
          <reporter-output>
          </reporter-output>
        </test-method> <!-- testApp -->
      </class> <!-- Core_WebDriver_DataDriven_Framework.TestReports.AppTest -->
    </test> <!-- Command line test -->
  </suite> <!-- Command line suite -->
</testng-results>
